[0m2021.07.27 15:17:32 INFO  Started: Metals version 0.10.5 in workspace '/Users/user/dev/sparktest/app' for client coc.nvim 0.0.80.[0m
[0m2021.07.27 15:17:32 INFO  time: initialize in 0.3s[0m
[0m2021.07.27 15:17:32 WARN  Build server is not auto-connectable.[0m
[0m2021.07.27 15:17:32 WARN  no build target for: /Users/user/dev/sparktest/app/src/main/scala/sparktest/App.scala[0m
[0m2021.07.27 15:17:34 INFO  no build target: using presentation compiler with only scala-library: 2.12.14[0m
[0m2021.07.27 15:17:34 INFO  running '/var/folders/p8/kqh5hlwj1bnfgmjqfc71whqm0000gn/T/metals1586379420087866560/gradlew --console=plain --init-script /var/folders/p8/kqh5hlwj1bnfgmjqfc71whqm0000gn/T/metals1586379420087866560/init-script.gradle bloopInstall'[0m
[0m2021.07.27 15:17:35 ERROR [0m
[0m2021.07.27 15:17:35 ERROR FAILURE: Build failed with an exception.[0m
[0m2021.07.27 15:17:35 ERROR [0m
[0m2021.07.27 15:17:35 ERROR * Where:[0m
[0m2021.07.27 15:17:35 ERROR Build file '/Users/user/dev/sparktest/app/build.gradle' line: 40[0m
[0m2021.07.27 15:17:35 ERROR [0m
[0m2021.07.27 15:17:35 ERROR * What went wrong:[0m
[0m2021.07.27 15:17:35 ERROR A problem occurred evaluating project ':app'.[0m
[0m2021.07.27 15:17:35 ERROR > Could not set unknown property 'mainClass' for object of type org.gradle.api.plugins.internal.DefaultJavaApplication.[0m
[0m2021.07.27 15:17:35 ERROR [0m
[0m2021.07.27 15:17:35 ERROR * Try:[0m
[0m2021.07.27 15:17:35 ERROR Run with --stacktrace option to get the stack trace. Run with --info or --debug option to get more log output. Run with --scan to get full insights.[0m
[0m2021.07.27 15:17:35 ERROR [0m
[0m2021.07.27 15:17:35 ERROR * Get more help at https://help.gradle.org[0m
[0m2021.07.27 15:17:35 ERROR [0m
[0m2021.07.27 15:17:35 ERROR BUILD FAILED in 0s[0m
[0m2021.07.27 15:17:35 INFO  gradle bloopInstall exit: 1[0m
[0m2021.07.27 15:17:34 INFO  time: ran 'gradle bloopInstall' in 0.73s[0m
[0m2021.07.27 15:17:35 ERROR Gradle command failed: /var/folders/p8/kqh5hlwj1bnfgmjqfc71whqm0000gn/T/metals1586379420087866560/gradlew --console=plain --init-script /var/folders/p8/kqh5hlwj1bnfgmjqfc71whqm0000gn/T/metals1586379420087866560/init-script.gradle bloopInstall[0m
[0m2021.07.27 15:18:45 INFO  shutting down Metals[0m
[0m2021.07.27 15:18:46 INFO  Started: Metals version 0.10.5 in workspace '/Users/user/dev/sparktest/app' for client coc.nvim 0.0.80.[0m
[0m2021.07.27 15:18:46 INFO  time: initialize in 0.29s[0m
[0m2021.07.27 15:18:46 WARN  Build server is not auto-connectable.[0m
[0m2021.07.27 15:18:46 WARN  no build target for: /Users/user/dev/sparktest/app/src/main/scala/sparktest/App.scala[0m
[0m2021.07.27 15:18:46 INFO  skipping build import with status 'Failed'[0m
[0m2021.07.27 15:18:47 INFO  no build target: using presentation compiler with only scala-library: 2.12.14[0m
[0m2021.07.27 15:20:17 WARN  Build server is not auto-connectable.[0m
[0m2021.07.27 15:20:39 WARN  no build target for: /Users/user/dev/sparktest/app/src/main/scala/sparktest/App.scala[0m
[0m2021.07.27 15:30:30 WARN  no build target for: /Users/user/dev/sparktest/app/src/main/scala/sparktest/App.scala[0m
[0m2021.07.27 16:10:44 INFO  Started: Metals version 0.10.5 in workspace '/Users/user/dev/sparktest/app' for client coc.nvim 0.0.80.[0m
[0m2021.07.27 16:10:44 INFO  time: initialize in 0.3s[0m
[0m2021.07.27 16:10:48 WARN  Build server is not auto-connectable.[0m
[0m2021.07.27 16:10:48 WARN  no build target for: /Users/user/dev/sparktest/app/src/main/scala/sparktest/App.scala[0m
[0m2021.07.27 16:10:49 INFO  no build target: using presentation compiler with only scala-library: 2.12.14[0m
[0m2021.07.27 16:10:49 INFO  running '/var/folders/p8/kqh5hlwj1bnfgmjqfc71whqm0000gn/T/metals6746735305816955014/gradlew --console=plain --init-script /var/folders/p8/kqh5hlwj1bnfgmjqfc71whqm0000gn/T/metals6746735305816955014/init-script.gradle bloopInstall'[0m
[0m2021.07.27 16:10:50 ERROR [0m
[0m2021.07.27 16:10:50 ERROR FAILURE: Build failed with an exception.[0m
[0m2021.07.27 16:10:50 ERROR [0m
[0m2021.07.27 16:10:50 ERROR * Where:[0m
[0m2021.07.27 16:10:50 ERROR Build file '/Users/user/dev/sparktest/app/build.gradle' line: 44[0m
[0m2021.07.27 16:10:50 ERROR [0m
[0m2021.07.27 16:10:50 ERROR * What went wrong:[0m
[0m2021.07.27 16:10:50 ERROR A problem occurred evaluating project ':app'.[0m
[0m2021.07.27 16:10:50 ERROR > Could not set unknown property 'mainClass' for object of type org.gradle.api.plugins.internal.DefaultJavaApplication.[0m
[0m2021.07.27 16:10:50 ERROR [0m
[0m2021.07.27 16:10:50 ERROR * Try:[0m
[0m2021.07.27 16:10:50 ERROR Run with --stacktrace option to get the stack trace. Run with --info or --debug option to get more log output. Run with --scan to get full insights.[0m
[0m2021.07.27 16:10:50 ERROR [0m
[0m2021.07.27 16:10:50 ERROR * Get more help at https://help.gradle.org[0m
[0m2021.07.27 16:10:50 ERROR [0m
[0m2021.07.27 16:10:50 ERROR BUILD FAILED in 0s[0m
[0m2021.07.27 16:10:50 INFO  gradle bloopInstall exit: 1[0m
[0m2021.07.27 16:10:49 INFO  time: ran 'gradle bloopInstall' in 0.86s[0m
[0m2021.07.27 16:10:50 ERROR Gradle command failed: /var/folders/p8/kqh5hlwj1bnfgmjqfc71whqm0000gn/T/metals6746735305816955014/gradlew --console=plain --init-script /var/folders/p8/kqh5hlwj1bnfgmjqfc71whqm0000gn/T/metals6746735305816955014/init-script.gradle bloopInstall[0m
[0m2021.07.27 16:11:03 INFO  Resetting build tool selection.[0m
[0m2021.07.27 16:11:03 INFO  running '/var/folders/p8/kqh5hlwj1bnfgmjqfc71whqm0000gn/T/metals2898959540315632723/gradlew --console=plain --init-script /var/folders/p8/kqh5hlwj1bnfgmjqfc71whqm0000gn/T/metals2898959540315632723/init-script.gradle bloopInstall'[0m
[0m2021.07.27 16:11:03 ERROR [0m
[0m2021.07.27 16:11:03 ERROR FAILURE: Build failed with an exception.[0m
[0m2021.07.27 16:11:03 ERROR [0m
[0m2021.07.27 16:11:03 ERROR * Where:[0m
[0m2021.07.27 16:11:03 ERROR Build file '/Users/user/dev/sparktest/app/build.gradle' line: 44[0m
[0m2021.07.27 16:11:03 ERROR [0m
[0m2021.07.27 16:11:03 ERROR * What went wrong:[0m
[0m2021.07.27 16:11:03 ERROR A problem occurred evaluating project ':app'.[0m
[0m2021.07.27 16:11:03 ERROR > Could not set unknown property 'mainClass' for object of type org.gradle.api.plugins.internal.DefaultJavaApplication.[0m
[0m2021.07.27 16:11:03 ERROR [0m
[0m2021.07.27 16:11:03 ERROR * Try:[0m
[0m2021.07.27 16:11:03 ERROR Run with --stacktrace option to get the stack trace. Run with --info or --debug option to get more log output. Run with --scan to get full insights.[0m
[0m2021.07.27 16:11:03 ERROR [0m
[0m2021.07.27 16:11:03 ERROR * Get more help at https://help.gradle.org[0m
[0m2021.07.27 16:11:03 ERROR [0m
[0m2021.07.27 16:11:03 ERROR BUILD FAILED in 0s[0m
[0m2021.07.27 16:11:03 INFO  gradle bloopInstall exit: 1[0m
[0m2021.07.27 16:11:03 INFO  time: ran 'gradle bloopInstall' in 0.6s[0m
[0m2021.07.27 16:11:03 ERROR Gradle command failed: /var/folders/p8/kqh5hlwj1bnfgmjqfc71whqm0000gn/T/metals2898959540315632723/gradlew --console=plain --init-script /var/folders/p8/kqh5hlwj1bnfgmjqfc71whqm0000gn/T/metals2898959540315632723/init-script.gradle bloopInstall[0m
[0m2021.07.27 16:11:20 INFO  shutting down Metals[0m
[0m2021.07.27 16:11:21 INFO  Started: Metals version 0.10.5 in workspace '/Users/user/dev/sparktest/app' for client coc.nvim 0.0.80.[0m
[0m2021.07.27 16:11:21 INFO  time: initialize in 0.31s[0m
[0m2021.07.27 16:11:21 WARN  Build server is not auto-connectable.[0m
[0m2021.07.27 16:11:21 WARN  no build target for: /Users/user/dev/sparktest/app/src/main/scala/sparktest/App.scala[0m
[0m2021.07.27 16:11:22 INFO  skipping build import with status 'Failed'[0m
[0m2021.07.27 16:11:23 INFO  no build target: using presentation compiler with only scala-library: 2.12.14[0m
[0m2021.07.27 16:12:43 INFO  Resetting build tool selection.[0m
[0m2021.07.27 16:12:43 INFO  running '/var/folders/p8/kqh5hlwj1bnfgmjqfc71whqm0000gn/T/metals7423355772557133835/gradlew --console=plain --init-script /var/folders/p8/kqh5hlwj1bnfgmjqfc71whqm0000gn/T/metals7423355772557133835/init-script.gradle bloopInstall'[0m
[0m2021.07.27 16:12:43 ERROR [0m
[0m2021.07.27 16:12:43 ERROR FAILURE: Build failed with an exception.[0m
[0m2021.07.27 16:12:43 ERROR [0m
[0m2021.07.27 16:12:43 ERROR * Where:[0m
[0m2021.07.27 16:12:43 ERROR Build file '/Users/user/dev/sparktest/app/build.gradle' line: 44[0m
[0m2021.07.27 16:12:43 ERROR [0m
[0m2021.07.27 16:12:43 ERROR * What went wrong:[0m
[0m2021.07.27 16:12:43 ERROR A problem occurred evaluating project ':app'.[0m
[0m2021.07.27 16:12:43 ERROR > Could not set unknown property 'mainClass' for object of type org.gradle.api.plugins.internal.DefaultJavaApplication.[0m
[0m2021.07.27 16:12:43 ERROR [0m
[0m2021.07.27 16:12:43 ERROR * Try:[0m
[0m2021.07.27 16:12:43 ERROR Run with --stacktrace option to get the stack trace. Run with --info or --debug option to get more log output. Run with --scan to get full insights.[0m
[0m2021.07.27 16:12:43 ERROR [0m
[0m2021.07.27 16:12:43 ERROR * Get more help at https://help.gradle.org[0m
[0m2021.07.27 16:12:43 ERROR [0m
[0m2021.07.27 16:12:43 ERROR BUILD FAILED in 0s[0m
[0m2021.07.27 16:12:43 INFO  gradle bloopInstall exit: 1[0m
[0m2021.07.27 16:12:43 INFO  time: ran 'gradle bloopInstall' in 0.68s[0m
[0m2021.07.27 16:12:43 ERROR Gradle command failed: /var/folders/p8/kqh5hlwj1bnfgmjqfc71whqm0000gn/T/metals7423355772557133835/gradlew --console=plain --init-script /var/folders/p8/kqh5hlwj1bnfgmjqfc71whqm0000gn/T/metals7423355772557133835/init-script.gradle bloopInstall[0m
[0m2021.07.27 16:14:02 INFO  Started: Metals version 0.10.5 in workspace '/Users/user/dev/sparktest/app' for client coc.nvim 0.0.80.[0m
[0m2021.07.27 16:14:02 INFO  time: initialize in 0.29s[0m
[0m2021.07.27 16:14:06 WARN  Build server is not auto-connectable.[0m
[0m2021.07.27 16:14:06 WARN  no build target for: /Users/user/dev/sparktest/app/src/main/scala/sparktest/App.scala[0m
[0m2021.07.27 16:14:06 INFO  shutting down Metals[0m
[0m2021.07.27 16:14:06 INFO  skipping build import with status 'Failed'[0m
[0m2021.07.27 16:14:07 INFO  no build target: using presentation compiler with only scala-library: 2.12.14[0m
[0m2021.07.27 16:14:08 ERROR text document: file:///Users/user/dev/sparktest/app/src/main/scala/sparktest/App.scala
org.h2.jdbc.JdbcSQLNonTransientConnectionException: The database is open in exclusive mode; can not open additional connections [90135-200]
	at org.h2.message.DbException.getJdbcSQLException(DbException.java:622)
	at org.h2.message.DbException.getJdbcSQLException(DbException.java:429)
	at org.h2.message.DbException.get(DbException.java:205)
	at org.h2.message.DbException.get(DbException.java:181)
	at org.h2.message.DbException.get(DbException.java:170)
	at org.h2.engine.Session.checkSuspended(Session.java:1369)
	at org.h2.engine.Session.transitionToState(Session.java:1361)
	at org.h2.engine.Session.setCurrentCommand(Session.java:1343)
	at org.h2.engine.Session.startStatementWithinTransaction(Session.java:1853)
	at org.h2.command.Command.executeQuery(Command.java:190)
	at org.h2.jdbc.JdbcPreparedStatement.executeQuery(JdbcPreparedStatement.java:114)
	at scala.meta.internal.metals.JdbcEnrichments$XtensionConnection.query(JdbcEnrichments.scala:37)
	at scala.meta.internal.metals.DependencySources.getBuildTarget(DependencySources.scala:27)
	at scala.meta.internal.metals.BuildTargets.$anonfun$inverseSources$1(BuildTargets.scala:261)
	at scala.Option.flatMap(Option.scala:271)
	at scala.meta.internal.metals.BuildTargets.inverseSources(BuildTargets.scala:261)
	at scala.meta.internal.metals.InteractiveSemanticdbs.fromTarget$1(InteractiveSemanticdbs.scala:155)
	at scala.meta.internal.metals.InteractiveSemanticdbs.$anonfun$compile$3(InteractiveSemanticdbs.scala:160)
	at scala.Option.orElse(Option.scala:447)
	at scala.meta.internal.metals.InteractiveSemanticdbs.compile(InteractiveSemanticdbs.scala:160)
	at scala.meta.internal.metals.InteractiveSemanticdbs.$anonfun$textDocument$1(InteractiveSemanticdbs.scala:80)
	at java.util.HashMap.compute(HashMap.java:1197)
	at java.util.Collections$SynchronizedMap.compute(Collections.java:2684)
	at scala.meta.internal.metals.InteractiveSemanticdbs.textDocument(InteractiveSemanticdbs.scala:76)
	at scala.meta.internal.metals.AggregateSemanticdbs.loop$1(AggregateSemanticdbs.scala:30)
	at scala.meta.internal.metals.AggregateSemanticdbs.textDocument(AggregateSemanticdbs.scala:36)
	at scala.meta.internal.metals.CodeLensProvider.findLenses(CodeLensProvider.scala:22)
	at scala.meta.internal.metals.MetalsLanguageServer.$anonfun$codeLens$2(MetalsLanguageServer.scala:1507)
	at scala.meta.internal.metals.TimerProvider.timedThunk(TimerProvider.scala:25)
	at scala.meta.internal.metals.MetalsLanguageServer.$anonfun$codeLens$1(MetalsLanguageServer.scala:1505)
	at scala.meta.internal.metals.CancelTokens$.$anonfun$apply$2(CancelTokens.scala:26)
	at scala.concurrent.Future$.$anonfun$apply$1(Future.scala:659)
	at scala.util.Success.$anonfun$map$1(Try.scala:255)
	at scala.util.Success.map(Try.scala:213)
	at scala.concurrent.Future.$anonfun$map$1(Future.scala:292)
	at scala.concurrent.impl.Promise.liftedTree1$1(Promise.scala:33)
	at scala.concurrent.impl.Promise.$anonfun$transform$1(Promise.scala:33)
	at scala.concurrent.impl.CallbackRunnable.run(Promise.scala:64)
	at java.util.concurrent.ThreadPoolExecutor.runWorker(ThreadPoolExecutor.java:1149)
	at java.util.concurrent.ThreadPoolExecutor$Worker.run(ThreadPoolExecutor.java:624)
	at java.lang.Thread.run(Thread.java:748)
[0m
[0m2021.07.27 16:14:09 INFO  Started: Metals version 0.10.5 in workspace '/Users/user/dev/sparktest/app' for client coc.nvim 0.0.80.[0m
[0m2021.07.27 16:14:10 INFO  time: initialize in 0.29s[0m
[0m2021.07.27 16:14:10 WARN  Build server is not auto-connectable.[0m
[0m2021.07.27 16:14:10 WARN  no build target for: /Users/user/dev/sparktest/app/src/main/scala/sparktest/App.scala[0m
[0m2021.07.27 16:14:10 INFO  skipping build import with status 'Failed'[0m
[0m2021.07.27 16:14:11 INFO  no build target: using presentation compiler with only scala-library: 2.12.14[0m
[0m2021.07.27 16:14:27 INFO  Resetting build tool selection.[0m
[0m2021.07.27 16:14:27 INFO  running '/var/folders/p8/kqh5hlwj1bnfgmjqfc71whqm0000gn/T/metals3033412661211824623/gradlew --console=plain --init-script /var/folders/p8/kqh5hlwj1bnfgmjqfc71whqm0000gn/T/metals3033412661211824623/init-script.gradle bloopInstall'[0m
[0m2021.07.27 16:14:28 ERROR [0m
[0m2021.07.27 16:14:28 ERROR FAILURE: Build failed with an exception.[0m
[0m2021.07.27 16:14:28 ERROR [0m
[0m2021.07.27 16:14:28 ERROR * Where:[0m
[0m2021.07.27 16:14:28 ERROR Build file '/Users/user/dev/sparktest/app/build.gradle' line: 44[0m
[0m2021.07.27 16:14:28 ERROR [0m
[0m2021.07.27 16:14:28 ERROR * What went wrong:[0m
[0m2021.07.27 16:14:28 ERROR A problem occurred evaluating project ':app'.[0m
[0m2021.07.27 16:14:28 ERROR > Could not set unknown property 'mainClass' for object of type org.gradle.api.plugins.internal.DefaultJavaApplication.[0m
[0m2021.07.27 16:14:28 ERROR [0m
[0m2021.07.27 16:14:28 ERROR * Try:[0m
[0m2021.07.27 16:14:28 ERROR Run with --stacktrace option to get the stack trace. Run with --info or --debug option to get more log output. Run with --scan to get full insights.[0m
[0m2021.07.27 16:14:28 ERROR [0m
[0m2021.07.27 16:14:28 ERROR * Get more help at https://help.gradle.org[0m
[0m2021.07.27 16:14:28 ERROR [0m
[0m2021.07.27 16:14:28 ERROR BUILD FAILED in 0s[0m
[0m2021.07.27 16:14:28 INFO  gradle bloopInstall exit: 1[0m
[0m2021.07.27 16:14:27 INFO  time: ran 'gradle bloopInstall' in 0.66s[0m
[0m2021.07.27 16:14:28 ERROR Gradle command failed: /var/folders/p8/kqh5hlwj1bnfgmjqfc71whqm0000gn/T/metals3033412661211824623/gradlew --console=plain --init-script /var/folders/p8/kqh5hlwj1bnfgmjqfc71whqm0000gn/T/metals3033412661211824623/init-script.gradle bloopInstall[0m
[0m2021.07.27 16:18:19 INFO  Resetting build server selection.[0m
7ì›” 27, 2021 4:18:19 ì˜¤í›„ org.eclipse.lsp4j.jsonrpc.RemoteEndpoint fallbackResponseError
ì‹¬ê°: Internal error: java.util.NoSuchElementException: Future.filter predicate is not satisfied
java.util.concurrent.CompletionException: java.util.NoSuchElementException: Future.filter predicate is not satisfied
	at java.util.concurrent.CompletableFuture.encodeThrowable(CompletableFuture.java:292)
	at java.util.concurrent.CompletableFuture.completeThrowable(CompletableFuture.java:308)
	at java.util.concurrent.CompletableFuture.uniAccept(CompletableFuture.java:661)
	at java.util.concurrent.CompletableFuture$UniAccept.tryFire(CompletableFuture.java:646)
	at java.util.concurrent.CompletableFuture.postComplete(CompletableFuture.java:488)
	at java.util.concurrent.CompletableFuture.completeExceptionally(CompletableFuture.java:1990)
	at scala.concurrent.java8.FuturesConvertersImpl$CF.apply(FutureConvertersImpl.scala:29)
	at scala.concurrent.java8.FuturesConvertersImpl$CF.apply(FutureConvertersImpl.scala:26)
	at scala.concurrent.impl.CallbackRunnable.run(Promise.scala:64)
	at scala.concurrent.BatchingExecutor$Batch.processBatch$1(BatchingExecutor.scala:67)
	at scala.concurrent.BatchingExecutor$Batch.$anonfun$run$1(BatchingExecutor.scala:82)
	at scala.runtime.java8.JFunction0$mcV$sp.apply(JFunction0$mcV$sp.java:23)
	at scala.concurrent.BlockContext$.withBlockContext(BlockContext.scala:85)
	at scala.concurrent.BatchingExecutor$Batch.run(BatchingExecutor.scala:59)
	at scala.concurrent.Future$InternalCallbackExecutor$.unbatchedExecute(Future.scala:875)
	at scala.concurrent.BatchingExecutor.execute(BatchingExecutor.scala:110)
	at scala.concurrent.BatchingExecutor.execute$(BatchingExecutor.scala:107)
	at scala.concurrent.Future$InternalCallbackExecutor$.execute(Future.scala:873)
	at scala.concurrent.impl.CallbackRunnable.executeWithValue(Promise.scala:72)
	at scala.concurrent.impl.Promise$DefaultPromise.$anonfun$tryComplete$1(Promise.scala:288)
	at scala.concurrent.impl.Promise$DefaultPromise.$anonfun$tryComplete$1$adapted(Promise.scala:288)
	at scala.concurrent.impl.Promise$DefaultPromise.tryComplete(Promise.scala:288)
	at scala.concurrent.Promise.complete(Promise.scala:53)
	at scala.concurrent.Promise.complete$(Promise.scala:52)
	at scala.concurrent.impl.Promise$DefaultPromise.complete(Promise.scala:187)
	at scala.concurrent.impl.Promise.$anonfun$transform$1(Promise.scala:33)
	at scala.concurrent.impl.CallbackRunnable.run(Promise.scala:64)
	at java.util.concurrent.ThreadPoolExecutor.runWorker(ThreadPoolExecutor.java:1149)
	at java.util.concurrent.ThreadPoolExecutor$Worker.run(ThreadPoolExecutor.java:624)
	at java.lang.Thread.run(Thread.java:748)
Caused by: java.util.NoSuchElementException: Future.filter predicate is not satisfied
	at scala.concurrent.Future.$anonfun$filter$1(Future.scala:340)
	at scala.util.Success.$anonfun$map$1(Try.scala:255)
	at scala.util.Success.map(Try.scala:213)
	at scala.concurrent.Future.$anonfun$map$1(Future.scala:292)
	at scala.concurrent.impl.Promise.liftedTree1$1(Promise.scala:33)
	... 5 more

[0m2021.07.27 16:19:00 INFO  Resetting build tool selection.[0m
[0m2021.07.27 16:19:00 INFO  running '/var/folders/p8/kqh5hlwj1bnfgmjqfc71whqm0000gn/T/metals3871568518111499167/gradlew --console=plain --init-script /var/folders/p8/kqh5hlwj1bnfgmjqfc71whqm0000gn/T/metals3871568518111499167/init-script.gradle bloopInstall'[0m
[0m2021.07.27 16:19:01 ERROR [0m
[0m2021.07.27 16:19:01 ERROR FAILURE: Build failed with an exception.[0m
[0m2021.07.27 16:19:01 ERROR [0m
[0m2021.07.27 16:19:01 ERROR * Where:[0m
[0m2021.07.27 16:19:01 ERROR Build file '/Users/user/dev/sparktest/app/build.gradle' line: 29[0m
[0m2021.07.27 16:19:01 ERROR [0m
[0m2021.07.27 16:19:01 ERROR * What went wrong:[0m
[0m2021.07.27 16:19:01 ERROR A problem occurred evaluating project ':app'.[0m
[0m2021.07.27 16:19:01 ERROR > Could not find method classpath() for arguments [ch.epfl.scala:gradle-bloop_2.12:1.4.8] on object of type org.gradle.api.internal.artifacts.dsl.dependencies.DefaultDependencyHandler.[0m
[0m2021.07.27 16:19:01 ERROR [0m
[0m2021.07.27 16:19:01 ERROR * Try:[0m
[0m2021.07.27 16:19:01 ERROR Run with --stacktrace option to get the stack trace. Run with --info or --debug option to get more log output. Run with --scan to get full insights.[0m
[0m2021.07.27 16:19:01 ERROR [0m
[0m2021.07.27 16:19:01 ERROR * Get more help at https://help.gradle.org[0m
[0m2021.07.27 16:19:01 ERROR [0m
[0m2021.07.27 16:19:01 ERROR BUILD FAILED in 0s[0m
[0m2021.07.27 16:19:01 INFO  gradle bloopInstall exit: 1[0m
[0m2021.07.27 16:19:00 INFO  time: ran 'gradle bloopInstall' in 0.78s[0m
[0m2021.07.27 16:19:01 ERROR Gradle command failed: /var/folders/p8/kqh5hlwj1bnfgmjqfc71whqm0000gn/T/metals3871568518111499167/gradlew --console=plain --init-script /var/folders/p8/kqh5hlwj1bnfgmjqfc71whqm0000gn/T/metals3871568518111499167/init-script.gradle bloopInstall[0m
[0m2021.07.27 16:23:55 INFO  Resetting build tool selection.[0m
[0m2021.07.27 16:23:55 INFO  running '/var/folders/p8/kqh5hlwj1bnfgmjqfc71whqm0000gn/T/metals963442240254022605/gradlew --console=plain --init-script /var/folders/p8/kqh5hlwj1bnfgmjqfc71whqm0000gn/T/metals963442240254022605/init-script.gradle bloopInstall'[0m
[0m2021.07.27 16:23:56 ERROR [0m
[0m2021.07.27 16:23:56 ERROR FAILURE: Build failed with an exception.[0m
[0m2021.07.27 16:23:56 ERROR [0m
[0m2021.07.27 16:23:56 ERROR * Where:[0m
[0m2021.07.27 16:23:56 ERROR Build file '/Users/user/dev/sparktest/app/build.gradle' line: 29[0m
[0m2021.07.27 16:23:56 ERROR [0m
[0m2021.07.27 16:23:56 ERROR * What went wrong:[0m
[0m2021.07.27 16:23:56 ERROR A problem occurred evaluating project ':app'.[0m
[0m2021.07.27 16:23:56 ERROR > Could not find method classpath() for arguments [ch.epfl.scala:gradle-bloop_2.12:1.4.8] on object of type org.gradle.api.internal.artifacts.dsl.dependencies.DefaultDependencyHandler.[0m
[0m2021.07.27 16:23:56 ERROR [0m
[0m2021.07.27 16:23:56 ERROR * Try:[0m
[0m2021.07.27 16:23:56 ERROR Run with --stacktrace option to get the stack trace. Run with --info or --debug option to get more log output. Run with --scan to get full insights.[0m
[0m2021.07.27 16:23:56 ERROR [0m
[0m2021.07.27 16:23:56 ERROR * Get more help at https://help.gradle.org[0m
[0m2021.07.27 16:23:56 ERROR [0m
[0m2021.07.27 16:23:56 ERROR BUILD FAILED in 0s[0m
[0m2021.07.27 16:23:56 INFO  gradle bloopInstall exit: 1[0m
[0m2021.07.27 16:23:55 INFO  time: ran 'gradle bloopInstall' in 0.56s[0m
[0m2021.07.27 16:23:56 ERROR Gradle command failed: /var/folders/p8/kqh5hlwj1bnfgmjqfc71whqm0000gn/T/metals963442240254022605/gradlew --console=plain --init-script /var/folders/p8/kqh5hlwj1bnfgmjqfc71whqm0000gn/T/metals963442240254022605/init-script.gradle bloopInstall[0m
[0m2021.07.27 16:24:14 INFO  Started: Metals version 0.10.5 in workspace '/Users/user/dev/sparktest/app' for client coc.nvim 0.0.80.[0m
[0m2021.07.27 16:24:14 INFO  time: initialize in 0.29s[0m
[0m2021.07.27 16:24:14 WARN  Build server is not auto-connectable.[0m
[0m2021.07.27 16:24:14 WARN  no build target for: /Users/user/dev/sparktest/app/src/main/scala/sparktest/App.scala[0m
[0m2021.07.27 16:24:15 INFO  skipping build import with status 'Failed'[0m
[0m2021.07.27 16:24:16 INFO  no build target: using presentation compiler with only scala-library: 2.12.14[0m
[0m2021.07.27 16:24:35 INFO  Resetting build tool selection.[0m
[0m2021.07.27 16:24:35 INFO  running '/var/folders/p8/kqh5hlwj1bnfgmjqfc71whqm0000gn/T/metals6137163585956915006/gradlew --console=plain --init-script /var/folders/p8/kqh5hlwj1bnfgmjqfc71whqm0000gn/T/metals6137163585956915006/init-script.gradle bloopInstall'[0m
[0m2021.07.27 16:24:36 ERROR [0m
[0m2021.07.27 16:24:36 ERROR FAILURE: Build failed with an exception.[0m
[0m2021.07.27 16:24:36 ERROR [0m
[0m2021.07.27 16:24:36 ERROR * Where:[0m
[0m2021.07.27 16:24:36 ERROR Build file '/Users/user/dev/sparktest/app/build.gradle' line: 29[0m
[0m2021.07.27 16:24:36 ERROR [0m
[0m2021.07.27 16:24:36 ERROR * What went wrong:[0m
[0m2021.07.27 16:24:36 ERROR A problem occurred evaluating project ':app'.[0m
[0m2021.07.27 16:24:36 ERROR > Could not find method classpath() for arguments [ch.epfl.scala:gradle-bloop_2.12:1.4.8] on object of type org.gradle.api.internal.artifacts.dsl.dependencies.DefaultDependencyHandler.[0m
[0m2021.07.27 16:24:36 ERROR [0m
[0m2021.07.27 16:24:36 ERROR * Try:[0m
[0m2021.07.27 16:24:36 ERROR Run with --stacktrace option to get the stack trace. Run with --info or --debug option to get more log output. Run with --scan to get full insights.[0m
[0m2021.07.27 16:24:36 ERROR [0m
[0m2021.07.27 16:24:36 ERROR * Get more help at https://help.gradle.org[0m
[0m2021.07.27 16:24:36 ERROR [0m
[0m2021.07.27 16:24:36 ERROR BUILD FAILED in 0s[0m
[0m2021.07.27 16:24:36 INFO  gradle bloopInstall exit: 1[0m
[0m2021.07.27 16:24:35 INFO  time: ran 'gradle bloopInstall' in 0.83s[0m
[0m2021.07.27 16:24:36 ERROR Gradle command failed: /var/folders/p8/kqh5hlwj1bnfgmjqfc71whqm0000gn/T/metals6137163585956915006/gradlew --console=plain --init-script /var/folders/p8/kqh5hlwj1bnfgmjqfc71whqm0000gn/T/metals6137163585956915006/init-script.gradle bloopInstall[0m
[0m2021.07.27 16:27:13 INFO  Started: Metals version 0.10.5 in workspace '/Users/user/dev/sparktest/app' for client coc.nvim 0.0.80.[0m
[0m2021.07.27 16:27:13 INFO  time: initialize in 0.29s[0m
[0m2021.07.27 16:27:17 WARN  Build server is not auto-connectable.[0m
[0m2021.07.27 16:27:17 WARN  no build target for: /Users/user/dev/sparktest/app/src/main/scala/sparktest/App.scala[0m
[0m2021.07.27 16:27:17 INFO  skipping build import with status 'Failed'[0m
[0m2021.07.27 16:27:18 INFO  no build target: using presentation compiler with only scala-library: 2.12.14[0m
[0m2021.07.27 16:27:28 INFO  Resetting build tool selection.[0m
[0m2021.07.27 16:27:28 INFO  running '/var/folders/p8/kqh5hlwj1bnfgmjqfc71whqm0000gn/T/metals7461320002653716017/gradlew --console=plain --init-script /var/folders/p8/kqh5hlwj1bnfgmjqfc71whqm0000gn/T/metals7461320002653716017/init-script.gradle bloopInstall'[0m
[0m2021.07.27 16:27:28 ERROR [0m
[0m2021.07.27 16:27:28 ERROR FAILURE: Build failed with an exception.[0m
[0m2021.07.27 16:27:28 ERROR [0m
[0m2021.07.27 16:27:28 ERROR * Where:[0m
[0m2021.07.27 16:27:28 ERROR Build file '/Users/user/dev/sparktest/app/build.gradle' line: 29[0m
[0m2021.07.27 16:27:28 ERROR [0m
[0m2021.07.27 16:27:28 ERROR * What went wrong:[0m
[0m2021.07.27 16:27:28 ERROR A problem occurred evaluating project ':app'.[0m
[0m2021.07.27 16:27:28 ERROR > Could not find method classpath() for arguments [ch.epfl.scala:gradle-bloop_2.12:1.4.8] on object of type org.gradle.api.internal.artifacts.dsl.dependencies.DefaultDependencyHandler.[0m
[0m2021.07.27 16:27:28 ERROR [0m
[0m2021.07.27 16:27:28 ERROR * Try:[0m
[0m2021.07.27 16:27:28 ERROR Run with --stacktrace option to get the stack trace. Run with --info or --debug option to get more log output. Run with --scan to get full insights.[0m
[0m2021.07.27 16:27:28 ERROR [0m
[0m2021.07.27 16:27:28 ERROR * Get more help at https://help.gradle.org[0m
[0m2021.07.27 16:27:28 ERROR [0m
[0m2021.07.27 16:27:28 ERROR BUILD FAILED in 0s[0m
[0m2021.07.27 16:27:28 INFO  gradle bloopInstall exit: 1[0m
[0m2021.07.27 16:27:28 INFO  time: ran 'gradle bloopInstall' in 0.65s[0m
[0m2021.07.27 16:27:28 ERROR Gradle command failed: /var/folders/p8/kqh5hlwj1bnfgmjqfc71whqm0000gn/T/metals7461320002653716017/gradlew --console=plain --init-script /var/folders/p8/kqh5hlwj1bnfgmjqfc71whqm0000gn/T/metals7461320002653716017/init-script.gradle bloopInstall[0m
[0m2021.07.27 16:32:19 INFO  Started: Metals version 0.10.5 in workspace '/Users/user/dev/sparktest/app' for client coc.nvim 0.0.80.[0m
[0m2021.07.27 16:32:19 INFO  time: initialize in 0.29s[0m
[0m2021.07.27 16:32:19 WARN  Build server is not auto-connectable.[0m
[0m2021.07.27 16:32:19 WARN  no build target for: /Users/user/dev/sparktest/app/src/main/scala/sparktest/App.scala[0m
[0m2021.07.27 16:32:21 INFO  running '/var/folders/p8/kqh5hlwj1bnfgmjqfc71whqm0000gn/T/metals5812839839942997840/gradlew --console=plain --init-script /var/folders/p8/kqh5hlwj1bnfgmjqfc71whqm0000gn/T/metals5812839839942997840/init-script.gradle bloopInstall'[0m
[0m2021.07.27 16:32:21 INFO  no build target: using presentation compiler with only scala-library: 2.12.14[0m
[0m2021.07.27 16:32:21 ERROR [0m
[0m2021.07.27 16:32:21 ERROR FAILURE: Build failed with an exception.[0m
[0m2021.07.27 16:32:21 ERROR [0m
[0m2021.07.27 16:32:21 ERROR * Where:[0m
[0m2021.07.27 16:32:21 ERROR Build file '/Users/user/dev/sparktest/app/build.gradle' line: 29[0m
[0m2021.07.27 16:32:21 ERROR [0m
[0m2021.07.27 16:32:21 ERROR * What went wrong:[0m
[0m2021.07.27 16:32:21 ERROR A problem occurred evaluating project ':app'.[0m
[0m2021.07.27 16:32:21 ERROR > Could not find method classpath() for arguments [ch.epfl.scala:gradle-bloop_2.12:1.4.8-19-4d9f966b] on object of type org.gradle.api.internal.artifacts.dsl.dependencies.DefaultDependencyHandler.[0m
[0m2021.07.27 16:32:21 ERROR [0m
[0m2021.07.27 16:32:21 ERROR * Try:[0m
[0m2021.07.27 16:32:21 ERROR Run with --stacktrace option to get the stack trace. Run with --info or --debug option to get more log output. Run with --scan to get full insights.[0m
[0m2021.07.27 16:32:21 ERROR [0m
[0m2021.07.27 16:32:21 ERROR * Get more help at https://help.gradle.org[0m
[0m2021.07.27 16:32:21 ERROR [0m
[0m2021.07.27 16:32:21 ERROR BUILD FAILED in 0s[0m
[0m2021.07.27 16:32:21 INFO  gradle bloopInstall exit: 1[0m
[0m2021.07.27 16:32:21 INFO  time: ran 'gradle bloopInstall' in 0.71s[0m
[0m2021.07.27 16:32:21 ERROR Gradle command failed: /var/folders/p8/kqh5hlwj1bnfgmjqfc71whqm0000gn/T/metals5812839839942997840/gradlew --console=plain --init-script /var/folders/p8/kqh5hlwj1bnfgmjqfc71whqm0000gn/T/metals5812839839942997840/init-script.gradle bloopInstall[0m
[0m2021.07.27 16:32:42 INFO  Resetting build tool selection.[0m
[0m2021.07.27 16:32:42 INFO  running '/var/folders/p8/kqh5hlwj1bnfgmjqfc71whqm0000gn/T/metals8929679023081839330/gradlew --console=plain --init-script /var/folders/p8/kqh5hlwj1bnfgmjqfc71whqm0000gn/T/metals8929679023081839330/init-script.gradle bloopInstall'[0m
[0m2021.07.27 16:32:42 ERROR [0m
[0m2021.07.27 16:32:42 ERROR FAILURE: Build failed with an exception.[0m
[0m2021.07.27 16:32:42 ERROR [0m
[0m2021.07.27 16:32:42 ERROR * Where:[0m
[0m2021.07.27 16:32:42 ERROR Build file '/Users/user/dev/sparktest/app/build.gradle' line: 29[0m
[0m2021.07.27 16:32:42 ERROR [0m
[0m2021.07.27 16:32:42 ERROR * What went wrong:[0m
[0m2021.07.27 16:32:42 ERROR A problem occurred evaluating project ':app'.[0m
[0m2021.07.27 16:32:42 ERROR > Could not find method classpath() for arguments [ch.epfl.scala:gradle-bloop_2.12:1.4.8-19-4d9f966b] on object of type org.gradle.api.internal.artifacts.dsl.dependencies.DefaultDependencyHandler.[0m
[0m2021.07.27 16:32:42 ERROR [0m
[0m2021.07.27 16:32:42 ERROR * Try:[0m
[0m2021.07.27 16:32:42 ERROR Run with --stacktrace option to get the stack trace. Run with --info or --debug option to get more log output. Run with --scan to get full insights.[0m
[0m2021.07.27 16:32:42 ERROR [0m
[0m2021.07.27 16:32:42 ERROR * Get more help at https://help.gradle.org[0m
[0m2021.07.27 16:32:42 ERROR [0m
[0m2021.07.27 16:32:42 ERROR BUILD FAILED in 0s[0m
[0m2021.07.27 16:32:42 INFO  gradle bloopInstall exit: 1[0m
[0m2021.07.27 16:32:42 INFO  time: ran 'gradle bloopInstall' in 0.6s[0m
[0m2021.07.27 16:32:42 ERROR Gradle command failed: /var/folders/p8/kqh5hlwj1bnfgmjqfc71whqm0000gn/T/metals8929679023081839330/gradlew --console=plain --init-script /var/folders/p8/kqh5hlwj1bnfgmjqfc71whqm0000gn/T/metals8929679023081839330/init-script.gradle bloopInstall[0m
[0m2021.07.27 17:16:59 INFO  Resetting build tool selection.[0m
[0m2021.07.27 17:16:59 INFO  running '/var/folders/p8/kqh5hlwj1bnfgmjqfc71whqm0000gn/T/metals6359158699152691539/gradlew --console=plain --init-script /var/folders/p8/kqh5hlwj1bnfgmjqfc71whqm0000gn/T/metals6359158699152691539/init-script.gradle bloopInstall'[0m
[0m2021.07.27 17:16:59 ERROR [0m
[0m2021.07.27 17:16:59 ERROR FAILURE: Build failed with an exception.[0m
[0m2021.07.27 17:16:59 ERROR [0m
[0m2021.07.27 17:16:59 ERROR * Where:[0m
[0m2021.07.27 17:16:59 ERROR Build file '/Users/user/dev/sparktest/app/build.gradle' line: 45[0m
[0m2021.07.27 17:16:59 ERROR [0m
[0m2021.07.27 17:16:59 ERROR * What went wrong:[0m
[0m2021.07.27 17:16:59 ERROR A problem occurred evaluating project ':app'.[0m
[0m2021.07.27 17:16:59 ERROR > Could not set unknown property 'mainClass' for object of type org.gradle.api.plugins.internal.DefaultJavaApplication.[0m
[0m2021.07.27 17:16:59 ERROR [0m
[0m2021.07.27 17:16:59 ERROR * Try:[0m
[0m2021.07.27 17:16:59 ERROR Run with --stacktrace option to get the stack trace. Run with --info or --debug option to get more log output. Run with --scan to get full insights.[0m
[0m2021.07.27 17:16:59 ERROR [0m
[0m2021.07.27 17:16:59 ERROR * Get more help at https://help.gradle.org[0m
[0m2021.07.27 17:16:59 ERROR [0m
[0m2021.07.27 17:16:59 ERROR BUILD FAILED in 0s[0m
[0m2021.07.27 17:16:59 INFO  gradle bloopInstall exit: 1[0m
[0m2021.07.27 17:16:59 INFO  time: ran 'gradle bloopInstall' in 0.61s[0m
[0m2021.07.27 17:16:59 ERROR Gradle command failed: /var/folders/p8/kqh5hlwj1bnfgmjqfc71whqm0000gn/T/metals6359158699152691539/gradlew --console=plain --init-script /var/folders/p8/kqh5hlwj1bnfgmjqfc71whqm0000gn/T/metals6359158699152691539/init-script.gradle bloopInstall[0m
[0m2021.07.27 17:20:17 INFO  Resetting build tool selection.[0m
[0m2021.07.27 17:20:17 INFO  running '/var/folders/p8/kqh5hlwj1bnfgmjqfc71whqm0000gn/T/metals7732638611551183005/gradlew --console=plain --init-script /var/folders/p8/kqh5hlwj1bnfgmjqfc71whqm0000gn/T/metals7732638611551183005/init-script.gradle bloopInstall'[0m
[0m2021.07.27 17:20:18 ERROR [0m
[0m2021.07.27 17:20:18 ERROR FAILURE: Build failed with an exception.[0m
[0m2021.07.27 17:20:18 ERROR [0m
[0m2021.07.27 17:20:18 ERROR * Where:[0m
[0m2021.07.27 17:20:18 ERROR Build file '/Users/user/dev/sparktest/app/build.gradle' line: 45[0m
[0m2021.07.27 17:20:18 ERROR [0m
[0m2021.07.27 17:20:18 ERROR * What went wrong:[0m
[0m2021.07.27 17:20:18 ERROR A problem occurred evaluating project ':app'.[0m
[0m2021.07.27 17:20:18 ERROR > Could not set unknown property 'mainClass' for object of type org.gradle.api.plugins.internal.DefaultJavaApplication.[0m
[0m2021.07.27 17:20:18 ERROR [0m
[0m2021.07.27 17:20:18 ERROR * Try:[0m
[0m2021.07.27 17:20:18 ERROR Run with --stacktrace option to get the stack trace. Run with --info or --debug option to get more log output. Run with --scan to get full insights.[0m
[0m2021.07.27 17:20:18 ERROR [0m
[0m2021.07.27 17:20:18 ERROR * Get more help at https://help.gradle.org[0m
[0m2021.07.27 17:20:18 ERROR [0m
[0m2021.07.27 17:20:18 ERROR BUILD FAILED in 0s[0m
[0m2021.07.27 17:20:18 INFO  gradle bloopInstall exit: 1[0m
[0m2021.07.27 17:20:17 INFO  time: ran 'gradle bloopInstall' in 0.73s[0m
[0m2021.07.27 17:20:18 ERROR Gradle command failed: /var/folders/p8/kqh5hlwj1bnfgmjqfc71whqm0000gn/T/metals7732638611551183005/gradlew --console=plain --init-script /var/folders/p8/kqh5hlwj1bnfgmjqfc71whqm0000gn/T/metals7732638611551183005/init-script.gradle bloopInstall[0m
[0m2021.07.27 17:20:40 INFO  Resetting build tool selection.[0m
[0m2021.07.27 17:20:40 INFO  running '/var/folders/p8/kqh5hlwj1bnfgmjqfc71whqm0000gn/T/metals1908588464834887265/gradlew --console=plain --init-script /var/folders/p8/kqh5hlwj1bnfgmjqfc71whqm0000gn/T/metals1908588464834887265/init-script.gradle bloopInstall'[0m
[0m2021.07.27 17:20:41 ERROR [0m
[0m2021.07.27 17:20:41 ERROR FAILURE: Build failed with an exception.[0m
[0m2021.07.27 17:20:41 ERROR [0m
[0m2021.07.27 17:20:41 ERROR * Where:[0m
[0m2021.07.27 17:20:41 ERROR Build file '/Users/user/dev/sparktest/app/build.gradle' line: 43[0m
[0m2021.07.27 17:20:41 ERROR [0m
[0m2021.07.27 17:20:41 ERROR * What went wrong:[0m
[0m2021.07.27 17:20:41 ERROR A problem occurred evaluating project ':app'.[0m
[0m2021.07.27 17:20:41 ERROR > Could not set unknown property 'mainClass' for object of type org.gradle.api.plugins.internal.DefaultJavaApplication.[0m
[0m2021.07.27 17:20:41 ERROR [0m
[0m2021.07.27 17:20:41 ERROR * Try:[0m
[0m2021.07.27 17:20:41 ERROR Run with --stacktrace option to get the stack trace. Run with --info or --debug option to get more log output. Run with --scan to get full insights.[0m
[0m2021.07.27 17:20:41 ERROR [0m
[0m2021.07.27 17:20:41 ERROR * Get more help at https://help.gradle.org[0m
[0m2021.07.27 17:20:41 ERROR [0m
[0m2021.07.27 17:20:41 ERROR BUILD FAILED in 0s[0m
[0m2021.07.27 17:20:41 INFO  gradle bloopInstall exit: 1[0m
[0m2021.07.27 17:20:40 INFO  time: ran 'gradle bloopInstall' in 0.55s[0m
[0m2021.07.27 17:20:41 ERROR Gradle command failed: /var/folders/p8/kqh5hlwj1bnfgmjqfc71whqm0000gn/T/metals1908588464834887265/gradlew --console=plain --init-script /var/folders/p8/kqh5hlwj1bnfgmjqfc71whqm0000gn/T/metals1908588464834887265/init-script.gradle bloopInstall[0m
[0m2021.07.27 17:24:02 INFO  Resetting build tool selection.[0m
[0m2021.07.27 17:24:02 INFO  running '/var/folders/p8/kqh5hlwj1bnfgmjqfc71whqm0000gn/T/metals8740014423396530373/gradlew --console=plain --init-script /var/folders/p8/kqh5hlwj1bnfgmjqfc71whqm0000gn/T/metals8740014423396530373/init-script.gradle bloopInstall'[0m
[0m2021.07.27 17:24:02 ERROR [0m
[0m2021.07.27 17:24:02 ERROR FAILURE: Build failed with an exception.[0m
[0m2021.07.27 17:24:02 ERROR [0m
[0m2021.07.27 17:24:02 ERROR * Where:[0m
[0m2021.07.27 17:24:02 ERROR Build file '/Users/user/dev/sparktest/app/build.gradle' line: 42[0m
[0m2021.07.27 17:24:02 ERROR [0m
[0m2021.07.27 17:24:02 ERROR * What went wrong:[0m
[0m2021.07.27 17:24:02 ERROR A problem occurred evaluating project ':app'.[0m
[0m2021.07.27 17:24:02 ERROR > Could not set unknown property 'mainClass' for object of type org.gradle.api.plugins.internal.DefaultJavaApplication.[0m
[0m2021.07.27 17:24:02 ERROR [0m
[0m2021.07.27 17:24:02 ERROR * Try:[0m
[0m2021.07.27 17:24:02 ERROR Run with --stacktrace option to get the stack trace. Run with --info or --debug option to get more log output. Run with --scan to get full insights.[0m
[0m2021.07.27 17:24:02 ERROR [0m
[0m2021.07.27 17:24:02 ERROR * Get more help at https://help.gradle.org[0m
[0m2021.07.27 17:24:02 ERROR [0m
[0m2021.07.27 17:24:02 ERROR BUILD FAILED in 0s[0m
[0m2021.07.27 17:24:02 INFO  gradle bloopInstall exit: 1[0m
[0m2021.07.27 17:24:02 INFO  time: ran 'gradle bloopInstall' in 0.57s[0m
[0m2021.07.27 17:24:02 ERROR Gradle command failed: /var/folders/p8/kqh5hlwj1bnfgmjqfc71whqm0000gn/T/metals8740014423396530373/gradlew --console=plain --init-script /var/folders/p8/kqh5hlwj1bnfgmjqfc71whqm0000gn/T/metals8740014423396530373/init-script.gradle bloopInstall[0m
[0m2021.07.27 17:52:20 WARN  no build target for: /Users/user/dev/sparktest/app/src/main/scala/sparktest/App.scala[0m
[0m2021.07.27 17:52:29 INFO  Resetting build tool selection.[0m
[0m2021.07.27 17:52:29 INFO  running '/var/folders/p8/kqh5hlwj1bnfgmjqfc71whqm0000gn/T/metals5568506197343091332/gradlew --console=plain --init-script /var/folders/p8/kqh5hlwj1bnfgmjqfc71whqm0000gn/T/metals5568506197343091332/init-script.gradle bloopInstall'[0m
[0m2021.07.27 17:52:30 ERROR [0m
[0m2021.07.27 17:52:30 ERROR FAILURE: Build failed with an exception.[0m
[0m2021.07.27 17:52:30 ERROR [0m
[0m2021.07.27 17:52:30 ERROR * Where:[0m
[0m2021.07.27 17:52:30 ERROR Build file '/Users/user/dev/sparktest/app/build.gradle' line: 42[0m
[0m2021.07.27 17:52:30 ERROR [0m
[0m2021.07.27 17:52:30 ERROR * What went wrong:[0m
[0m2021.07.27 17:52:30 ERROR A problem occurred evaluating project ':app'.[0m
[0m2021.07.27 17:52:30 ERROR > Could not set unknown property 'mainClass' for object of type org.gradle.api.plugins.internal.DefaultJavaApplication.[0m
[0m2021.07.27 17:52:30 ERROR [0m
[0m2021.07.27 17:52:30 ERROR * Try:[0m
[0m2021.07.27 17:52:30 ERROR Run with --stacktrace option to get the stack trace. Run with --info or --debug option to get more log output. Run with --scan to get full insights.[0m
[0m2021.07.27 17:52:30 ERROR [0m
[0m2021.07.27 17:52:30 ERROR * Get more help at https://help.gradle.org[0m
[0m2021.07.27 17:52:30 ERROR [0m
[0m2021.07.27 17:52:30 ERROR BUILD FAILED in 0s[0m
[0m2021.07.27 17:52:30 INFO  gradle bloopInstall exit: 1[0m
[0m2021.07.27 17:52:29 INFO  time: ran 'gradle bloopInstall' in 0.75s[0m
[0m2021.07.27 17:52:30 ERROR Gradle command failed: /var/folders/p8/kqh5hlwj1bnfgmjqfc71whqm0000gn/T/metals5568506197343091332/gradlew --console=plain --init-script /var/folders/p8/kqh5hlwj1bnfgmjqfc71whqm0000gn/T/metals5568506197343091332/init-script.gradle bloopInstall[0m
[0m2021.07.27 17:55:04 INFO  Started: Metals version 0.10.5 in workspace '/Users/user/dev/sparktest/app' for client coc.nvim 0.0.80.[0m
[0m2021.07.27 17:55:05 INFO  time: initialize in 0.3s[0m
[0m2021.07.27 17:55:08 WARN  Build server is not auto-connectable.[0m
[0m2021.07.27 17:55:08 WARN  no build target for: /Users/user/dev/sparktest/app/src/main/scala/sparktest/App.scala[0m
[0m2021.07.27 17:55:08 INFO  skipping build import with status 'Failed'[0m
[0m2021.07.27 17:55:09 INFO  no build target: using presentation compiler with only scala-library: 2.12.14[0m
[0m2021.07.27 17:55:11 INFO  time: code lens generation in 1.82s[0m
[0m2021.07.27 17:55:11 INFO  Resetting build tool selection.[0m
[0m2021.07.27 17:55:11 INFO  running '/var/folders/p8/kqh5hlwj1bnfgmjqfc71whqm0000gn/T/metals1732649957741818559/gradlew --console=plain --init-script /var/folders/p8/kqh5hlwj1bnfgmjqfc71whqm0000gn/T/metals1732649957741818559/init-script.gradle bloopInstall'[0m
[0m2021.07.27 17:55:11 ERROR [0m
[0m2021.07.27 17:55:11 ERROR FAILURE: Build failed with an exception.[0m
[0m2021.07.27 17:55:11 ERROR [0m
[0m2021.07.27 17:55:11 ERROR * Where:[0m
[0m2021.07.27 17:55:11 ERROR Build file '/Users/user/dev/sparktest/app/build.gradle' line: 42[0m
[0m2021.07.27 17:55:11 ERROR [0m
[0m2021.07.27 17:55:11 ERROR * What went wrong:[0m
[0m2021.07.27 17:55:11 ERROR A problem occurred evaluating project ':app'.[0m
[0m2021.07.27 17:55:11 ERROR > Could not set unknown property 'mainClass' for object of type org.gradle.api.plugins.internal.DefaultJavaApplication.[0m
[0m2021.07.27 17:55:11 ERROR [0m
[0m2021.07.27 17:55:11 ERROR * Try:[0m
[0m2021.07.27 17:55:11 ERROR Run with --stacktrace option to get the stack trace. Run with --info or --debug option to get more log output. Run with --scan to get full insights.[0m
[0m2021.07.27 17:55:11 ERROR [0m
[0m2021.07.27 17:55:11 ERROR * Get more help at https://help.gradle.org[0m
[0m2021.07.27 17:55:11 ERROR [0m
[0m2021.07.27 17:55:11 ERROR BUILD FAILED in 0s[0m
[0m2021.07.27 17:55:11 INFO  gradle bloopInstall exit: 1[0m
[0m2021.07.27 17:55:11 INFO  time: ran 'gradle bloopInstall' in 0.66s[0m
[0m2021.07.27 17:55:11 ERROR Gradle command failed: /var/folders/p8/kqh5hlwj1bnfgmjqfc71whqm0000gn/T/metals1732649957741818559/gradlew --console=plain --init-script /var/folders/p8/kqh5hlwj1bnfgmjqfc71whqm0000gn/T/metals1732649957741818559/init-script.gradle bloopInstall[0m
